[debug] [2026-02-18T16:27:42.007Z] ----------------------------------------------------------------------
[debug] [2026-02-18T16:27:42.011Z] Command:       C:\Program Files\nodejs\node.exe C:\Users\ACCOUNTING\AppData\Roaming\npm\node_modules\firebase-tools\lib\bin\firebase.js init
[debug] [2026-02-18T16:27:42.011Z] CLI Version:   15.6.0
[debug] [2026-02-18T16:27:42.011Z] Platform:      win32
[debug] [2026-02-18T16:27:42.011Z] Node Version:  v22.20.0
[debug] [2026-02-18T16:27:42.011Z] Time:          Wed Feb 18 2026 08:27:42 GMT-0800 (Pacific Standard Time)
[debug] [2026-02-18T16:27:42.011Z] ----------------------------------------------------------------------
[debug] 
[info] 
     ######## #### ########  ######## ########     ###     ######  ########
     ##        ##  ##     ## ##       ##     ##  ##   ##  ##       ##
     ######    ##  ########  ######   ########  #########  ######  ######
     ##        ##  ##    ##  ##       ##     ## ##     ##       ## ##
     ##       #### ##     ## ######## ########  ##     ##  ######  ########

You're about to initialize a Firebase project in this directory:

  D:\Goodrich

[info] 
=== Project Setup
[info] 
[info] First, let's associate this project directory with a Firebase project.
[info] You can create multiple project aliases by running firebase use --add, 
[info] 
[debug] [2026-02-18T16:32:14.012Z] > command requires scopes: ["email","openid","https://www.googleapis.com/auth/cloudplatformprojects.readonly","https://www.googleapis.com/auth/firebase","https://www.googleapis.com/auth/cloud-platform"]
[debug] [2026-02-18T16:32:14.012Z] > authorizing via signed-in user (mupenzicedrick587@gmail.com)
[debug] [2026-02-18T16:32:14.013Z] Checked if tokens are valid: true, expires at: 1771435198653
[debug] [2026-02-18T16:32:14.013Z] Checked if tokens are valid: true, expires at: 1771435198653
[debug] [2026-02-18T16:32:14.014Z] >>> [apiv2][query] GET https://firebase.googleapis.com/v1beta1/projects pageSize=100
[debug] [2026-02-18T16:32:15.036Z] <<< [apiv2][status] GET https://firebase.googleapis.com/v1beta1/projects 200
[debug] [2026-02-18T16:32:15.036Z] <<< [apiv2][body] GET https://firebase.googleapis.com/v1beta1/projects [omitted]
[info] 
=== Hosting Setup
[debug] [2026-02-18T16:32:18.140Z] Checked if tokens are valid: true, expires at: 1771435198653
[debug] [2026-02-18T16:32:18.140Z] Checked if tokens are valid: true, expires at: 1771435198653
[debug] [2026-02-18T16:32:18.140Z] >>> [apiv2][query] GET https://firebase.googleapis.com/v1beta1/projects/goodrich-farm [none]
[debug] [2026-02-18T16:32:18.575Z] <<< [apiv2][status] GET https://firebase.googleapis.com/v1beta1/projects/goodrich-farm 200
[debug] [2026-02-18T16:32:18.575Z] <<< [apiv2][body] GET https://firebase.googleapis.com/v1beta1/projects/goodrich-farm {"projectId":"goodrich-farm","projectNumber":"86846540363","displayName":"Goodrich-farm","name":"projects/goodrich-farm","resources":{"hostingSite":"goodrich-farm"},"state":"ACTIVE","etag":"1_ce5ffc20-266c-4d03-9001-d035531251f8"}
[info] 
[info] Your public directory is the folder (relative to your project directory) that
[info] will contain Hosting assets to be uploaded with firebase deploy. If you
[info] have a build process for your assets, use your build's output directory.
[info] 
[info] 
[info] i  Detected a .git folder at D:\Goodrich 
[info] i  Authorizing with GitHub to upload your service account to a GitHub repository's secrets store. 
[info] 
[info] Visit this URL on this device to log in:
[info] https://github.com/login/oauth/authorize?client_id=89cf50f02ac6aaed3484&state=28002565&redirect_uri=http%3A%2F%2Flocalhost%3A9005&scope=read%3Auser%20repo%20public_repo
[info] 
[info] Waiting for authentication...
[debug] [2026-02-18T16:33:23.468Z] >>> [apiv2][query] POST https://github.com/login/oauth/access_token [none]
[debug] [2026-02-18T16:33:23.468Z] >>> [apiv2][body] POST https://github.com/login/oauth/access_token [stream]
[debug] [2026-02-18T16:33:33.848Z] <<< [apiv2][status] POST https://github.com/login/oauth/access_token 200
[debug] [2026-02-18T16:33:33.849Z] <<< [apiv2][body] POST https://github.com/login/oauth/access_token {"access_token":"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","token_type":"bearer","scope":"read:user,repo"}
[debug] [2026-02-18T16:33:33.851Z] >>> [apiv2][query] GET https://api.github.com/user [none]
[debug] [2026-02-18T16:33:35.547Z] <<< [apiv2][status] GET https://api.github.com/user 200
[debug] [2026-02-18T16:33:35.547Z] <<< [apiv2][body] GET https://api.github.com/user {"login":"Cha0s-Dic3","id":244327802,"node_id":"U_kgDODpAleg","avatar_url":"https://avatars.githubusercontent.com/u/244327802?v=4","gravatar_id":"","url":"https://api.github.com/users/Cha0s-Dic3","html_url":"https://github.com/Cha0s-Dic3","followers_url":"https://api.github.com/users/Cha0s-Dic3/followers","following_url":"https://api.github.com/users/Cha0s-Dic3/following{/other_user}","gists_url":"https://api.github.com/users/Cha0s-Dic3/gists{/gist_id}","starred_url":"https://api.github.com/users/Cha0s-Dic3/starred{/owner}{/repo}","subscriptions_url":"https://api.github.com/users/Cha0s-Dic3/subscriptions","organizations_url":"https://api.github.com/users/Cha0s-Dic3/orgs","repos_url":"https://api.github.com/users/Cha0s-Dic3/repos","events_url":"https://api.github.com/users/Cha0s-Dic3/events{/privacy}","received_events_url":"https://api.github.com/users/Cha0s-Dic3/received_events","type":"User","user_view_type":"private","site_admin":false,"name":null,"company":null,"blog":"","location":null,"email":null,"hireable":null,"bio":null,"twitter_username":null,"notification_email":null,"public_repos":1,"public_gists":0,"followers":0,"following":0,"created_at":"2025-11-16T12:37:04Z","updated_at":"2025-11-16T12:37:04Z","private_gists":0,"total_private_repos":2,"owned_private_repos":2,"disk_usage":3790,"collaborators":0,"two_factor_authentication":false,"plan":{"name":"free","space":976562499,"collaborators":0,"private_repos":10000}}
[info] 
[info] +  Success! Logged into GitHub as Cha0s-Dic3 
[info] 
